[ INFO] - TestAltaJuego:45 2021-06-16 00:03:33 - Inicio Test Unitarios AltaJuego
[ INFO] - TestAltaJuego:50 2021-06-16 00:03:34 - Crear nuevo catalogo y servicios
[ INFO] - TestAltaJuego:62 2021-06-16 00:03:34 - ejecutando altaCapaDatos()
[ INFO] - TestAltaJuego:50 2021-06-16 00:03:34 - Crear nuevo catalogo y servicios
[ INFO] - TestAltaJuego:86 2021-06-16 00:03:34 - ejecutando testSiguienteId()
[ INFO] - TestAltaJuego:57 2021-06-16 00:03:34 - Fin Test Unitarios AltaJuego
[ INFO] - TestAltaJuego:45 2021-06-16 00:06:20 - Inicio Test Unitarios AltaJuego
[ INFO] - TestAltaJuego:62 2021-06-16 00:06:20 - ejecutando altaCapaDatos()
[ INFO] - TestAltaJuego:86 2021-06-16 00:06:20 - ejecutando testSiguienteId()
[ INFO] - TestAltaJuego:57 2021-06-16 00:06:20 - Fin Test Unitarios AltaJuego
[ INFO] - TestAltaJuego:45 2021-06-16 00:07:23 - Inicio Test Unitarios AltaJuego
[ INFO] - TestAltaJuego:50 2021-06-16 00:07:23 - Crear nuevo catalogo y servicios
[ INFO] - TestAltaJuego:62 2021-06-16 00:07:23 - ejecutando altaCapaDatos()
[ INFO] - TestAltaJuego:50 2021-06-16 00:07:23 - Crear nuevo catalogo y servicios
[ INFO] - TestAltaJuego:86 2021-06-16 00:07:23 - ejecutando testSiguienteId()
[ INFO] - TestAltaJuego:57 2021-06-16 00:07:23 - Fin Test Unitarios AltaJuego
[ INFO] - TestAltaJuego:46 2021-06-16 00:13:57 - Inicio Test Unitarios AltaJuego
[ INFO] - TestAltaJuego:51 2021-06-16 00:13:57 - Crear nuevo catalogo y servicios
[ INFO] - TestAltaJuego:63 2021-06-16 00:13:57 - ejecutando altaCapaDatos()
[ INFO] - TestAltaJuego:51 2021-06-16 00:13:57 - Crear nuevo catalogo y servicios
[ INFO] - TestAltaJuego:87 2021-06-16 00:13:57 - ejecutando testSiguienteId()
[ERROR] - TestAltaJuego:94 2021-06-16 00:13:57 - No value present
[ INFO] - TestAltaJuego:58 2021-06-16 00:13:58 - Fin Test Unitarios AltaJuego
[ INFO] - TestAltaJuego:46 2021-06-16 00:15:18 - Inicio Test Unitarios AltaJuego
[ INFO] - TestAltaJuego:51 2021-06-16 00:15:18 - Crear nuevo catalogo y servicios
[ INFO] - TestAltaJuego:63 2021-06-16 00:15:18 - ejecutando altaCapaDatos()
[ INFO] - TestAltaJuego:51 2021-06-16 00:15:18 - Crear nuevo catalogo y servicios
[ INFO] - TestAltaJuego:87 2021-06-16 00:15:18 - ejecutando testSiguienteId()
[ERROR] - TestAltaJuego:94 2021-06-16 00:15:18 - No value present
[ERROR] - TestAltaJuego:95 2021-06-16 00:15:18 - Test fallido
[ INFO] - TestAltaJuego:58 2021-06-16 00:15:18 - Fin Test Unitarios AltaJuego
[ INFO] - TestAltaJuego:46 2021-06-16 08:29:57 - Inicio Test Unitarios AltaJuego
[ INFO] - TestAltaJuego:51 2021-06-16 08:29:57 - Crear nuevo catalogo y servicios
[ INFO] - TestAltaJuego:63 2021-06-16 08:29:57 - ejecutando altaCapaDatos()
[ INFO] - TestAltaJuego:51 2021-06-16 08:29:57 - Crear nuevo catalogo y servicios
[ INFO] - TestAltaJuego:87 2021-06-16 08:29:57 - ejecutando testSiguienteId()
[ERROR] - TestAltaJuego:94 2021-06-16 08:29:57 - No value present
[ERROR] - TestAltaJuego:95 2021-06-16 08:29:57 - Test fallido
[ INFO] - TestAltaJuego:58 2021-06-16 08:29:57 - Fin Test Unitarios AltaJuego
[ INFO] - TestAltaJuego:46 2021-06-16 08:30:47 - Inicio Test Unitarios AltaJuego
[ INFO] - TestAltaJuego:51 2021-06-16 08:30:47 - Crear nuevo catalogo y servicios
[ INFO] - TestAltaJuego:63 2021-06-16 08:30:47 - ejecutando altaCapaDatos()
[ INFO] - TestAltaJuego:51 2021-06-16 08:30:47 - Crear nuevo catalogo y servicios
[ INFO] - TestAltaJuego:87 2021-06-16 08:30:47 - ejecutando testSiguienteId()
[ERROR] - TestAltaJuego:94 2021-06-16 08:30:47 - No value present
[ERROR] - TestAltaJuego:95 2021-06-16 08:30:47 - Test fallido
[ INFO] - TestAltaJuego:58 2021-06-16 08:30:47 - Fin Test Unitarios AltaJuego
[ INFO] - TestAltaJuego:46 2021-06-16 08:43:35 - Inicio Test Unitarios AltaJuego
[ INFO] - TestAltaJuego:51 2021-06-16 08:43:35 - Crear nuevo catalogo y servicios
[ INFO] - TestAltaJuego:63 2021-06-16 08:43:35 - ejecutando altaCapaDatos()
[ INFO] - TestAltaJuego:51 2021-06-16 08:43:35 - Crear nuevo catalogo y servicios
[ INFO] - TestAltaJuego:88 2021-06-16 08:43:35 - ejecutando testSiguienteId()
[ERROR] - TestAltaJuego:95 2021-06-16 08:43:35 - No value present
[ERROR] - TestAltaJuego:96 2021-06-16 08:43:35 - Test fallido
[ INFO] - TestAltaJuego:51 2021-06-16 08:43:35 - Crear nuevo catalogo y servicios
[ INFO] - TestAltaJuego:75 2021-06-16 08:43:35 - ejecutando altaCapaServicios()
[ INFO] - TestAltaJuego:58 2021-06-16 08:43:35 - Fin Test Unitarios AltaJuego
[ INFO] - TestAltaJuego:46 2021-06-16 08:44:10 - Inicio Test Unitarios AltaJuego
[ INFO] - TestAltaJuego:51 2021-06-16 08:44:10 - Crear nuevo catalogo y servicios
[ INFO] - TestAltaJuego:63 2021-06-16 08:44:10 - ejecutando altaCapaDatos()
[ INFO] - TestAltaJuego:51 2021-06-16 08:44:10 - Crear nuevo catalogo y servicios
[ INFO] - TestAltaJuego:88 2021-06-16 08:44:10 - ejecutando testSiguienteId()
[ INFO] - TestAltaJuego:51 2021-06-16 08:44:10 - Crear nuevo catalogo y servicios
[ INFO] - TestAltaJuego:75 2021-06-16 08:44:10 - ejecutando altaCapaServicios()
[ INFO] - TestAltaJuego:58 2021-06-16 08:44:10 - Fin Test Unitarios AltaJuego
[ INFO] - TestAltaJuego:46 2021-06-16 08:49:23 - Inicio Test Unitarios AltaJuego
[ INFO] - TestAltaJuego:51 2021-06-16 08:49:23 - Crear nuevo catalogo y servicios
[ INFO] - TestAltaJuego:63 2021-06-16 08:49:23 - ejecutando altaCapaDatos()
[ INFO] - TestAltaJuego:51 2021-06-16 08:49:23 - Crear nuevo catalogo y servicios
[ INFO] - TestAltaJuego:88 2021-06-16 08:49:23 - ejecutando testSiguienteId()
[ INFO] - TestAltaJuego:51 2021-06-16 08:49:23 - Crear nuevo catalogo y servicios
[ INFO] - TestAltaJuego:75 2021-06-16 08:49:23 - ejecutando altaCapaServicios()
[ INFO] - TestAltaJuego:58 2021-06-16 08:49:23 - Fin Test Unitarios AltaJuego
[ INFO] - TestAltaJuego:46 2021-06-16 08:50:40 - Inicio Test Unitarios AltaJuego
[ INFO] - TestAltaJuego:51 2021-06-16 08:50:40 - Crear nuevo catalogo y servicios
[ INFO] - TestAltaJuego:63 2021-06-16 08:50:40 - ejecutando altaCapaDatos()
[ INFO] - TestAltaJuego:51 2021-06-16 08:50:41 - Crear nuevo catalogo y servicios
[ INFO] - TestAltaJuego:88 2021-06-16 08:50:41 - ejecutando testSiguienteId()
[ INFO] - TestAltaJuego:51 2021-06-16 08:50:41 - Crear nuevo catalogo y servicios
[ INFO] - TestAltaJuego:75 2021-06-16 08:50:41 - ejecutando altaCapaServicios()
[ INFO] - TestAltaJuego:58 2021-06-16 08:50:41 - Fin Test Unitarios AltaJuego
[ INFO] - TestAltaJuego:46 2021-06-16 08:51:58 - Inicio Test Unitarios AltaJuego
[ INFO] - TestAltaJuego:51 2021-06-16 08:51:58 - Crear nuevo catalogo y servicios
[ INFO] - TestAltaJuego:63 2021-06-16 08:51:58 - ejecutando altaCapaDatos()
[ INFO] - TestAltaJuego:51 2021-06-16 08:51:58 - Crear nuevo catalogo y servicios
[ INFO] - TestAltaJuego:88 2021-06-16 08:51:58 - ejecutando testSiguienteId()
[ INFO] - TestAltaJuego:51 2021-06-16 08:51:58 - Crear nuevo catalogo y servicios
[ INFO] - TestAltaJuego:75 2021-06-16 08:51:58 - ejecutando altaCapaServicios()
[ INFO] - TestAltaJuego:58 2021-06-16 08:51:59 - Fin Test Unitarios AltaJuego
[ INFO] - TestAltaJuego:46 2021-06-16 08:52:42 - Inicio Test Unitarios AltaJuego
[ INFO] - TestAltaJuego:51 2021-06-16 08:52:42 - Crear nuevo catalogo y servicios
[ INFO] - TestAltaJuego:63 2021-06-16 08:52:42 - ejecutando altaCapaDatos()
[ INFO] - TestAltaJuego:51 2021-06-16 08:52:42 - Crear nuevo catalogo y servicios
[ INFO] - TestAltaJuego:88 2021-06-16 08:52:42 - ejecutando testSiguienteId()
[ INFO] - TestAltaJuego:51 2021-06-16 08:52:42 - Crear nuevo catalogo y servicios
[ INFO] - TestAltaJuego:75 2021-06-16 08:52:42 - ejecutando altaCapaServicios()
[ INFO] - TestAltaJuego:58 2021-06-16 08:52:42 - Fin Test Unitarios AltaJuego
[ INFO] - TestAltaJuego:46 2021-06-16 08:54:30 - Inicio Test Unitarios AltaJuego
[ INFO] - TestAltaJuego:51 2021-06-16 08:54:30 - Crear nuevo catalogo y servicios
[ INFO] - TestAltaJuego:63 2021-06-16 08:54:30 - ejecutando altaCapaDatos()
[ INFO] - TestAltaJuego:51 2021-06-16 08:54:30 - Crear nuevo catalogo y servicios
[ INFO] - TestAltaJuego:88 2021-06-16 08:54:30 - ejecutando testSiguienteId()
[ INFO] - TestAltaJuego:51 2021-06-16 08:54:30 - Crear nuevo catalogo y servicios
[ INFO] - TestAltaJuego:75 2021-06-16 08:54:30 - ejecutando altaCapaServicios()
[ INFO] - TestAltaJuego:58 2021-06-16 08:54:30 - Fin Test Unitarios AltaJuego
[ INFO] - TestAltaJuego:46 2021-06-16 08:55:26 - Inicio Test Unitarios AltaJuego
[ INFO] - TestAltaJuego:51 2021-06-16 08:55:26 - Crear nuevo catalogo y servicios
[ INFO] - TestAltaJuego:63 2021-06-16 08:55:26 - ejecutando altaCapaDatos()
[ INFO] - TestAltaJuego:51 2021-06-16 08:55:26 - Crear nuevo catalogo y servicios
[ INFO] - TestAltaJuego:88 2021-06-16 08:55:26 - ejecutando testSiguienteId()
[ INFO] - TestAltaJuego:51 2021-06-16 08:55:26 - Crear nuevo catalogo y servicios
[ INFO] - TestAltaJuego:75 2021-06-16 08:55:26 - ejecutando altaCapaServicios()
[ INFO] - TestAltaJuego:58 2021-06-16 08:55:26 - Fin Test Unitarios AltaJuego
[ INFO] - TestAltaJuego:46 2021-06-16 08:56:17 - Inicio Test Unitarios AltaJuego
[ INFO] - TestAltaJuego:51 2021-06-16 08:56:17 - Crear nuevo catalogo y servicios
[ INFO] - TestAltaJuego:63 2021-06-16 08:56:17 - ejecutando altaCapaDatos()
[ INFO] - TestAltaJuego:51 2021-06-16 08:56:17 - Crear nuevo catalogo y servicios
[ INFO] - TestAltaJuego:88 2021-06-16 08:56:17 - ejecutando testSiguienteId()
[ INFO] - TestAltaJuego:51 2021-06-16 08:56:17 - Crear nuevo catalogo y servicios
[ INFO] - TestAltaJuego:75 2021-06-16 08:56:17 - ejecutando altaCapaServicios()
[ INFO] - TestAltaJuego:58 2021-06-16 08:56:17 - Fin Test Unitarios AltaJuego
[ INFO] - TestAltaJuego:46 2021-06-16 08:57:48 - Inicio Test Unitarios AltaJuego
[ INFO] - TestAltaJuego:64 2021-06-16 08:57:48 - ejecutando altaCapaDatos()
[ INFO] - TestAltaJuego:92 2021-06-16 08:57:48 - ejecutando testSiguienteId()
[ INFO] - TestAltaJuego:78 2021-06-16 08:57:48 - ejecutando altaCapaServicios()
[ INFO] - TestAltaJuego:58 2021-06-16 08:57:48 - Fin Test Unitarios AltaJuego
[ INFO] - TestAltaJuego:46 2021-06-16 08:58:54 - Inicio Test Unitarios AltaJuego
[ INFO] - TestAltaJuego:64 2021-06-16 08:58:54 - ejecutando altaCapaDatos()
[ INFO] - TestAltaJuego:92 2021-06-16 08:58:54 - ejecutando testSiguienteId()
[ INFO] - TestAltaJuego:78 2021-06-16 08:58:54 - ejecutando altaCapaServicios()
[ INFO] - TestAltaJuego:58 2021-06-16 08:58:54 - Fin Test Unitarios AltaJuego
[ INFO] - TestAltaJuego:46 2021-06-16 08:59:43 - Inicio Test Unitarios AltaJuego
[ INFO] - TestAltaJuego:51 2021-06-16 08:59:43 - Crear nuevo catalogo y servicios
[ INFO] - TestAltaJuego:63 2021-06-16 08:59:43 - ejecutando altaCapaDatos()
[ INFO] - TestAltaJuego:51 2021-06-16 08:59:43 - Crear nuevo catalogo y servicios
[ INFO] - TestAltaJuego:88 2021-06-16 08:59:43 - ejecutando testSiguienteId()
[ INFO] - TestAltaJuego:51 2021-06-16 08:59:43 - Crear nuevo catalogo y servicios
[ INFO] - TestAltaJuego:75 2021-06-16 08:59:43 - ejecutando altaCapaServicios()
[ INFO] - TestAltaJuego:58 2021-06-16 08:59:43 - Fin Test Unitarios AltaJuego
[ INFO] - TestAltaJuego:46 2021-06-16 10:51:04 - Inicio Test Unitarios AltaJuego
[ INFO] - TestAltaJuego:51 2021-06-16 10:51:04 - Crear nuevo catalogo y servicios
[ INFO] - TestAltaJuego:63 2021-06-16 10:51:04 - ejecutando altaCapaDatos()
[ INFO] - TestAltaJuego:51 2021-06-16 10:51:04 - Crear nuevo catalogo y servicios
[ INFO] - TestAltaJuego:88 2021-06-16 10:51:04 - ejecutando testSiguienteId()
[ INFO] - TestAltaJuego:51 2021-06-16 10:51:04 - Crear nuevo catalogo y servicios
[ INFO] - TestAltaJuego:75 2021-06-16 10:51:04 - ejecutando altaCapaServicios()
[ INFO] - TestAltaJuego:58 2021-06-16 10:51:04 - Fin Test Unitarios AltaJuego
[ INFO] - TestAltaJuego:45 2021-06-16 15:20:16 - Inicio Test Unitarios AltaJuego
[ INFO] - TestAltaJuego:50 2021-06-16 15:20:16 - Crear nuevo catalogo y servicios
[ INFO] - TestAltaJuego:62 2021-06-16 15:20:16 - ejecutando altaCapaDatos()
[ INFO] - TestAltaJuego:50 2021-06-16 15:20:16 - Crear nuevo catalogo y servicios
[ INFO] - TestAltaJuego:87 2021-06-16 15:20:16 - ejecutando testSiguienteId()
[ INFO] - TestAltaJuego:50 2021-06-16 15:20:16 - Crear nuevo catalogo y servicios
[ INFO] - TestAltaJuego:74 2021-06-16 15:20:16 - ejecutando altaCapaServicios()
[ INFO] - TestAltaJuego:57 2021-06-16 15:20:16 - Fin Test Unitarios AltaJuego
